<?xml version="1.0" encoding="UTF-8"?>
<testsuite xmlns:xsi="http://www.w3.org/2001/XMLSchema-instance" xsi:noNamespaceSchemaLocation="https://maven.apache.org/surefire/maven-surefire-plugin/xsd/surefire-test-report-3.0.xsd" version="3.0" name="com.example.AppTest" time="0.025" tests="1" errors="0" skipped="0" failures="0">
  <properties>
    <property name="java.specification.version" value="20"/>
    <property name="sun.jnu.encoding" value="UTF-8"/>
    <property name="java.class.path" value="/Users/elmeripoikolainen/Documents/Eficode/Indeed/user-client/userclient/target/test-classes:/Users/elmeripoikolainen/Documents/Eficode/Indeed/user-client/userclient/target/classes:/Users/elmeripoikolainen/.m2/repository/junit/junit/3.8.1/junit-3.8.1.jar:/Users/elmeripoikolainen/.m2/repository/com/example/s3upload/1.0-SNAPSHOT/s3upload-1.0-SNAPSHOT.jar:/Users/elmeripoikolainen/.m2/repository/software/amazon/awssdk/s3/2.20.148/s3-2.20.148.jar:/Users/elmeripoikolainen/.m2/repository/software/amazon/awssdk/aws-xml-protocol/2.20.148/aws-xml-protocol-2.20.148.jar:/Users/elmeripoikolainen/.m2/repository/software/amazon/awssdk/protocol-core/2.20.148/protocol-core-2.20.148.jar:/Users/elmeripoikolainen/.m2/repository/software/amazon/awssdk/arns/2.20.148/arns-2.20.148.jar:/Users/elmeripoikolainen/.m2/repository/software/amazon/awssdk/profiles/2.20.148/profiles-2.20.148.jar:/Users/elmeripoikolainen/.m2/repository/software/amazon/awssdk/crt-core/2.20.148/crt-core-2.20.148.jar:/Users/elmeripoikolainen/.m2/repository/software/amazon/awssdk/sdk-core/2.20.148/sdk-core-2.20.148.jar:/Users/elmeripoikolainen/.m2/repository/org/slf4j/slf4j-api/1.7.30/slf4j-api-1.7.30.jar:/Users/elmeripoikolainen/.m2/repository/org/reactivestreams/reactive-streams/1.0.4/reactive-streams-1.0.4.jar:/Users/elmeripoikolainen/.m2/repository/software/amazon/awssdk/auth/2.20.148/auth-2.20.148.jar:/Users/elmeripoikolainen/.m2/repository/software/amazon/eventstream/eventstream/1.0.1/eventstream-1.0.1.jar:/Users/elmeripoikolainen/.m2/repository/software/amazon/awssdk/http-client-spi/2.20.148/http-client-spi-2.20.148.jar:/Users/elmeripoikolainen/.m2/repository/software/amazon/awssdk/regions/2.20.148/regions-2.20.148.jar:/Users/elmeripoikolainen/.m2/repository/software/amazon/awssdk/annotations/2.20.148/annotations-2.20.148.jar:/Users/elmeripoikolainen/.m2/repository/software/amazon/awssdk/utils/2.20.148/utils-2.20.148.jar:/Users/elmeripoikolainen/.m2/repository/software/amazon/awssdk/aws-core/2.20.148/aws-core-2.20.148.jar:/Users/elmeripoikolainen/.m2/repository/software/amazon/awssdk/metrics-spi/2.20.148/metrics-spi-2.20.148.jar:/Users/elmeripoikolainen/.m2/repository/software/amazon/awssdk/json-utils/2.20.148/json-utils-2.20.148.jar:/Users/elmeripoikolainen/.m2/repository/software/amazon/awssdk/third-party-jackson-core/2.20.148/third-party-jackson-core-2.20.148.jar:/Users/elmeripoikolainen/.m2/repository/software/amazon/awssdk/endpoints-spi/2.20.148/endpoints-spi-2.20.148.jar:/Users/elmeripoikolainen/.m2/repository/software/amazon/awssdk/apache-client/2.20.148/apache-client-2.20.148.jar:/Users/elmeripoikolainen/.m2/repository/org/apache/httpcomponents/httpclient/4.5.13/httpclient-4.5.13.jar:/Users/elmeripoikolainen/.m2/repository/commons-logging/commons-logging/1.2/commons-logging-1.2.jar:/Users/elmeripoikolainen/.m2/repository/org/apache/httpcomponents/httpcore/4.4.13/httpcore-4.4.13.jar:/Users/elmeripoikolainen/.m2/repository/commons-codec/commons-codec/1.15/commons-codec-1.15.jar:/Users/elmeripoikolainen/.m2/repository/software/amazon/awssdk/netty-nio-client/2.20.148/netty-nio-client-2.20.148.jar:/Users/elmeripoikolainen/.m2/repository/io/netty/netty-codec-http/4.1.94.Final/netty-codec-http-4.1.94.Final.jar:/Users/elmeripoikolainen/.m2/repository/io/netty/netty-codec-http2/4.1.94.Final/netty-codec-http2-4.1.94.Final.jar:/Users/elmeripoikolainen/.m2/repository/io/netty/netty-codec/4.1.94.Final/netty-codec-4.1.94.Final.jar:/Users/elmeripoikolainen/.m2/repository/io/netty/netty-transport/4.1.94.Final/netty-transport-4.1.94.Final.jar:/Users/elmeripoikolainen/.m2/repository/io/netty/netty-common/4.1.94.Final/netty-common-4.1.94.Final.jar:/Users/elmeripoikolainen/.m2/repository/io/netty/netty-buffer/4.1.94.Final/netty-buffer-4.1.94.Final.jar:/Users/elmeripoikolainen/.m2/repository/io/netty/netty-handler/4.1.94.Final/netty-handler-4.1.94.Final.jar:/Users/elmeripoikolainen/.m2/repository/io/netty/netty-transport-native-unix-common/4.1.94.Final/netty-transport-native-unix-common-4.1.94.Final.jar:/Users/elmeripoikolainen/.m2/repository/io/netty/netty-transport-classes-epoll/4.1.94.Final/netty-transport-classes-epoll-4.1.94.Final.jar:/Users/elmeripoikolainen/.m2/repository/io/netty/netty-resolver/4.1.94.Final/netty-resolver-4.1.94.Final.jar:/Users/elmeripoikolainen/.m2/repository/software/amazon/awssdk/sts/2.20.148/sts-2.20.148.jar:/Users/elmeripoikolainen/.m2/repository/software/amazon/awssdk/aws-query-protocol/2.20.148/aws-query-protocol-2.20.148.jar:"/>
    <property name="java.vm.vendor" value="Eclipse Adoptium"/>
    <property name="sun.arch.data.model" value="64"/>
    <property name="java.vendor.url" value="https://adoptium.net/"/>
    <property name="os.name" value="Mac OS X"/>
    <property name="java.vm.specification.version" value="20"/>
    <property name="sun.java.launcher" value="SUN_STANDARD"/>
    <property name="user.country" value="FI"/>
    <property name="sun.boot.library.path" value="/Library/Java/JavaVirtualMachines/temurin-20.jdk/Contents/Home/lib"/>
    <property name="sun.java.command" value="/Users/elmeripoikolainen/Documents/Eficode/Indeed/user-client/userclient/target/surefire/surefirebooter-20250210153824261_3.jar /Users/elmeripoikolainen/Documents/Eficode/Indeed/user-client/userclient/target/surefire 2025-02-10T15-38-24_171-jvmRun1 surefire-20250210153824261_1tmp surefire_0-20250210153824261_2tmp"/>
    <property name="http.nonProxyHosts" value="local|*.local|169.254/16|*.169.254/16"/>
    <property name="jdk.debug" value="release"/>
    <property name="surefire.test.class.path" value="/Users/elmeripoikolainen/Documents/Eficode/Indeed/user-client/userclient/target/test-classes:/Users/elmeripoikolainen/Documents/Eficode/Indeed/user-client/userclient/target/classes:/Users/elmeripoikolainen/.m2/repository/junit/junit/3.8.1/junit-3.8.1.jar:/Users/elmeripoikolainen/.m2/repository/com/example/s3upload/1.0-SNAPSHOT/s3upload-1.0-SNAPSHOT.jar:/Users/elmeripoikolainen/.m2/repository/software/amazon/awssdk/s3/2.20.148/s3-2.20.148.jar:/Users/elmeripoikolainen/.m2/repository/software/amazon/awssdk/aws-xml-protocol/2.20.148/aws-xml-protocol-2.20.148.jar:/Users/elmeripoikolainen/.m2/repository/software/amazon/awssdk/protocol-core/2.20.148/protocol-core-2.20.148.jar:/Users/elmeripoikolainen/.m2/repository/software/amazon/awssdk/arns/2.20.148/arns-2.20.148.jar:/Users/elmeripoikolainen/.m2/repository/software/amazon/awssdk/profiles/2.20.148/profiles-2.20.148.jar:/Users/elmeripoikolainen/.m2/repository/software/amazon/awssdk/crt-core/2.20.148/crt-core-2.20.148.jar:/Users/elmeripoikolainen/.m2/repository/software/amazon/awssdk/sdk-core/2.20.148/sdk-core-2.20.148.jar:/Users/elmeripoikolainen/.m2/repository/org/slf4j/slf4j-api/1.7.30/slf4j-api-1.7.30.jar:/Users/elmeripoikolainen/.m2/repository/org/reactivestreams/reactive-streams/1.0.4/reactive-streams-1.0.4.jar:/Users/elmeripoikolainen/.m2/repository/software/amazon/awssdk/auth/2.20.148/auth-2.20.148.jar:/Users/elmeripoikolainen/.m2/repository/software/amazon/eventstream/eventstream/1.0.1/eventstream-1.0.1.jar:/Users/elmeripoikolainen/.m2/repository/software/amazon/awssdk/http-client-spi/2.20.148/http-client-spi-2.20.148.jar:/Users/elmeripoikolainen/.m2/repository/software/amazon/awssdk/regions/2.20.148/regions-2.20.148.jar:/Users/elmeripoikolainen/.m2/repository/software/amazon/awssdk/annotations/2.20.148/annotations-2.20.148.jar:/Users/elmeripoikolainen/.m2/repository/software/amazon/awssdk/utils/2.20.148/utils-2.20.148.jar:/Users/elmeripoikolainen/.m2/repository/software/amazon/awssdk/aws-core/2.20.148/aws-core-2.20.148.jar:/Users/elmeripoikolainen/.m2/repository/software/amazon/awssdk/metrics-spi/2.20.148/metrics-spi-2.20.148.jar:/Users/elmeripoikolainen/.m2/repository/software/amazon/awssdk/json-utils/2.20.148/json-utils-2.20.148.jar:/Users/elmeripoikolainen/.m2/repository/software/amazon/awssdk/third-party-jackson-core/2.20.148/third-party-jackson-core-2.20.148.jar:/Users/elmeripoikolainen/.m2/repository/software/amazon/awssdk/endpoints-spi/2.20.148/endpoints-spi-2.20.148.jar:/Users/elmeripoikolainen/.m2/repository/software/amazon/awssdk/apache-client/2.20.148/apache-client-2.20.148.jar:/Users/elmeripoikolainen/.m2/repository/org/apache/httpcomponents/httpclient/4.5.13/httpclient-4.5.13.jar:/Users/elmeripoikolainen/.m2/repository/commons-logging/commons-logging/1.2/commons-logging-1.2.jar:/Users/elmeripoikolainen/.m2/repository/org/apache/httpcomponents/httpcore/4.4.13/httpcore-4.4.13.jar:/Users/elmeripoikolainen/.m2/repository/commons-codec/commons-codec/1.15/commons-codec-1.15.jar:/Users/elmeripoikolainen/.m2/repository/software/amazon/awssdk/netty-nio-client/2.20.148/netty-nio-client-2.20.148.jar:/Users/elmeripoikolainen/.m2/repository/io/netty/netty-codec-http/4.1.94.Final/netty-codec-http-4.1.94.Final.jar:/Users/elmeripoikolainen/.m2/repository/io/netty/netty-codec-http2/4.1.94.Final/netty-codec-http2-4.1.94.Final.jar:/Users/elmeripoikolainen/.m2/repository/io/netty/netty-codec/4.1.94.Final/netty-codec-4.1.94.Final.jar:/Users/elmeripoikolainen/.m2/repository/io/netty/netty-transport/4.1.94.Final/netty-transport-4.1.94.Final.jar:/Users/elmeripoikolainen/.m2/repository/io/netty/netty-common/4.1.94.Final/netty-common-4.1.94.Final.jar:/Users/elmeripoikolainen/.m2/repository/io/netty/netty-buffer/4.1.94.Final/netty-buffer-4.1.94.Final.jar:/Users/elmeripoikolainen/.m2/repository/io/netty/netty-handler/4.1.94.Final/netty-handler-4.1.94.Final.jar:/Users/elmeripoikolainen/.m2/repository/io/netty/netty-transport-native-unix-common/4.1.94.Final/netty-transport-native-unix-common-4.1.94.Final.jar:/Users/elmeripoikolainen/.m2/repository/io/netty/netty-transport-classes-epoll/4.1.94.Final/netty-transport-classes-epoll-4.1.94.Final.jar:/Users/elmeripoikolainen/.m2/repository/io/netty/netty-resolver/4.1.94.Final/netty-resolver-4.1.94.Final.jar:/Users/elmeripoikolainen/.m2/repository/software/amazon/awssdk/sts/2.20.148/sts-2.20.148.jar:/Users/elmeripoikolainen/.m2/repository/software/amazon/awssdk/aws-query-protocol/2.20.148/aws-query-protocol-2.20.148.jar:"/>
    <property name="sun.cpu.endian" value="little"/>
    <property name="user.home" value="/Users/elmeripoikolainen"/>
    <property name="user.language" value="en"/>
    <property name="java.specification.vendor" value="Oracle Corporation"/>
    <property name="java.version.date" value="2023-07-18"/>
    <property name="java.home" value="/Library/Java/JavaVirtualMachines/temurin-20.jdk/Contents/Home"/>
    <property name="file.separator" value="/"/>
    <property name="basedir" value="/Users/elmeripoikolainen/Documents/Eficode/Indeed/user-client/userclient"/>
    <property name="java.vm.compressedOopsMode" value="Zero based"/>
    <property name="line.separator" value="&#10;"/>
    <property name="java.vm.specification.vendor" value="Oracle Corporation"/>
    <property name="java.specification.name" value="Java Platform API Specification"/>
    <property name="apple.awt.application.name" value="ForkedBooter"/>
    <property name="surefire.real.class.path" value="/Users/elmeripoikolainen/Documents/Eficode/Indeed/user-client/userclient/target/surefire/surefirebooter-20250210153824261_3.jar"/>
    <property name="sun.management.compiler" value="HotSpot 64-Bit Tiered Compilers"/>
    <property name="ftp.nonProxyHosts" value="local|*.local|169.254/16|*.169.254/16"/>
    <property name="java.runtime.version" value="20.0.2+9"/>
    <property name="user.name" value="elmeripoikolainen"/>
    <property name="stdout.encoding" value="UTF-8"/>
    <property name="path.separator" value=":"/>
    <property name="os.version" value="13.6.6"/>
    <property name="java.runtime.name" value="OpenJDK Runtime Environment"/>
    <property name="file.encoding" value="UTF-8"/>
    <property name="java.vm.name" value="OpenJDK 64-Bit Server VM"/>
    <property name="java.vendor.version" value="Temurin-20.0.2+9"/>
    <property name="localRepository" value="/Users/elmeripoikolainen/.m2/repository"/>
    <property name="java.vendor.url.bug" value="https://github.com/adoptium/adoptium-support/issues"/>
    <property name="java.io.tmpdir" value="/var/folders/bd/9kndkj0s4033bfdhzj4cf6h40000gn/T/"/>
    <property name="java.version" value="20.0.2"/>
    <property name="user.dir" value="/Users/elmeripoikolainen/Documents/Eficode/Indeed/user-client/userclient"/>
    <property name="os.arch" value="x86_64"/>
    <property name="java.vm.specification.name" value="Java Virtual Machine Specification"/>
    <property name="native.encoding" value="UTF-8"/>
    <property name="java.library.path" value="/Users/elmeripoikolainen/Library/Java/Extensions:/Library/Java/Extensions:/Network/Library/Java/Extensions:/System/Library/Java/Extensions:/usr/lib/java:."/>
    <property name="java.vm.info" value="mixed mode, sharing"/>
    <property name="stderr.encoding" value="UTF-8"/>
    <property name="java.vendor" value="Eclipse Adoptium"/>
    <property name="java.vm.version" value="20.0.2+9"/>
    <property name="sun.io.unicode.encoding" value="UnicodeBig"/>
    <property name="socksNonProxyHosts" value="local|*.local|169.254/16|*.169.254/16"/>
    <property name="java.class.version" value="64.0"/>
  </properties>
  <testcase name="testApp" classname="com.example.AppTest" time="0.004"/>
</testsuite>